<?xml version="1.0" encoding="UTF-8"?>
<!-- Generated by org.testng.reporters.JUnitReportReporter -->
<testsuite hostname="CTSE-DDOSEN" failures="0" tests="1" name="NewTest" time="80.761" errors="0" timestamp="11 avg 2021 12:57:48 GMT" skipped="0">
  <testcase classname="NewTest" name="navigateToAUrl" time="80.761"/>
</testsuite> <!-- NewTest -->
