<?xml version="1.0" encoding="UTF-8"?>
<!-- Generated by org.testng.reporters.JUnitReportReporter -->
<testsuite hostname="CTSE-DDOSEN" failures="0" tests="6" name="MainPageTest" time="116.876" errors="0" timestamp="15 okt 2021 19:56:39 GMT" skipped="0">
  <testcase classname="MainPageTest" name="checkServiceButton" time="27.362"/>
  <testcase classname="MainPageTest" name="checkGreenLake" time="13.574"/>
  <testcase classname="MainPageTest" name="checkCloudServices" time="19.348"/>
  <testcase classname="MainPageTest" name="checkDataServices" time="23.773"/>
  <testcase classname="MainPageTest" name="checkCompute" time="17.601"/>
  <testcase classname="MainPageTest" name="checkConnectivity" time="15.218"/>
</testsuite> <!-- MainPageTest -->
