<?xml version="1.0" encoding="UTF-8"?>
<!-- Generated by org.testng.reporters.JUnitReportReporter -->
<testsuite hostname="CTSE-DDOSEN" failures="0" tests="1" name="ProductTest" time="32.915" errors="0" timestamp="15 okt 2021 19:56:39 GMT" skipped="0">
  <testcase classname="ProductTest" name="checkProduct" time="32.915"/>
</testsuite> <!-- ProductTest -->
