<?xml version="1.0" encoding="UTF-8"?>
<!-- Generated by org.testng.reporters.JUnitReportReporter -->
<testsuite hostname="CTSE-DDOSEN" failures="0" tests="6" name="RightAboveButtonsTests" time="168.074" errors="0" timestamp="14 sep 2021 14:13:17 GMT" skipped="0">
  <testcase classname="RightAboveButtonsTests" name="checkServiceButton" time="29.607"/>
  <testcase classname="RightAboveButtonsTests" name="checkGreenLake" time="19.165"/>
  <testcase classname="RightAboveButtonsTests" name="checkCloudServices" time="40.690"/>
  <testcase classname="RightAboveButtonsTests" name="checkDataServices" time="21.256"/>
  <testcase classname="RightAboveButtonsTests" name="checkCompute" time="38.539"/>
  <testcase classname="RightAboveButtonsTests" name="checkConnectivity" time="18.817"/>
</testsuite> <!-- RightAboveButtonsTests -->
