<?xml version="1.0" encoding="UTF-8"?>
<!-- Generated by org.testng.reporters.JUnitReportReporter -->
<testsuite hostname="CTSE-DDOSEN" failures="0" tests="1" name="ProductTests" time="42.880" errors="0" timestamp="14 sep 2021 14:13:17 GMT" skipped="0">
  <testcase classname="ProductTests" name="checkProduct" time="42.880"/>
</testsuite> <!-- ProductTests -->
