<?xml version="1.0" encoding="UTF-8"?>
<!-- Generated by org.testng.reporters.JUnitReportReporter -->
<testsuite hostname="CTSE-DDOSEN" failures="0" tests="1" name="MenuTest" time="27.201" errors="0" timestamp="14 sep 2021 11:41:31 GMT" skipped="0">
  <testcase classname="MenuTest" name="menuServicesGreenLake" time="27.201"/>
</testsuite> <!-- MenuTest -->
