<?xml version="1.0" encoding="UTF-8"?>
<!-- Generated by org.testng.reporters.JUnitReportReporter -->
<testsuite hostname="CTSE-DDOSEN" failures="0" tests="1" name="MenuButtonsTest" time="28.971" errors="0" timestamp="21 okt 2021 12:26:00 GMT" skipped="0">
  <testcase classname="MenuButtonsTest" name="menuServicesDataCenterCare" time="28.971"/>
</testsuite> <!-- MenuButtonsTest -->
