<?xml version="1.0" encoding="UTF-8"?>
<!-- Generated by org.testng.reporters.JUnitReportReporter -->
<testsuite hostname="CTSE-DDOSEN" failures="0" tests="6" name="RightAboveTest" time="130.861" errors="0" timestamp="15 okt 2021 19:56:39 GMT" skipped="0">
  <testcase classname="RightAboveTest" name="checkServiceButton" time="28.804"/>
  <testcase classname="RightAboveTest" name="checkGreenLake" time="19.739"/>
  <testcase classname="RightAboveTest" name="checkCloudServices" time="25.593"/>
  <testcase classname="RightAboveTest" name="checkDataServices" time="17.874"/>
  <testcase classname="RightAboveTest" name="checkCompute" time="20.947"/>
  <testcase classname="RightAboveTest" name="checkConnectivity" time="17.904"/>
</testsuite> <!-- RightAboveTest -->
