<?xml version="1.0" encoding="UTF-8"?>
<!-- Generated by org.testng.reporters.JUnitReportReporter -->
<testsuite hostname="CTSE-DDOSEN" failures="0" tests="7" name="MenuButtonsTests" time="235.003" errors="0" timestamp="14 sep 2021 12:13:16 GMT" skipped="0">
  <testcase classname="MenuButtonsTests" name="menuHome" time="18.256"/>
  <testcase classname="MenuButtonsTests" name="menuManageCases" time="23.869"/>
  <testcase classname="MenuButtonsTests" name="menuManageMyContracts" time="26.582"/>
  <testcase classname="MenuButtonsTests" name="menuServicesGreenLake" time="29.834"/>
  <testcase classname="MenuButtonsTests" name="menuServicesDataCenterCare" time="27.119"/>
  <testcase classname="MenuButtonsTests" name="contentType" time="32.874"/>
  <testcase classname="MenuButtonsTests" name="driversAndSoftware" time="76.469"/>
</testsuite> <!-- MenuButtonsTests -->
